15-06-2024 11:22:32 - app.utils.logger_config - INFO - Variables d'environnement chargées depuis C:\Users\gbric\Nouveau dossier (9)\Projet_12_Epic_Events\app\.env
15-06-2024 11:22:32 - app.utils.logger_config - INFO - Database connection successful
15-06-2024 11:22:33 - app.utils.logger_config - INFO - Variables d'environnement chargées depuis C:\Users\gbric\Nouveau dossier (9)\Projet_12_Epic_Events\app\.env
15-06-2024 11:22:33 - app.utils.logger_config - INFO - Variables d'environnement chargées depuis C:\Users\gbric\Nouveau dossier (9)\Projet_12_Epic_Events\app\.env
15-06-2024 11:22:33 - app.utils.logger_config - INFO - Database connection successful
15-06-2024 11:22:33 - app.utils.logger_config - INFO - Database connection successful
15-06-2024 11:22:33 - app.utils.logger_config - INFO - Variables d'environnement chargées depuis C:\Users\gbric\Nouveau dossier (9)\Projet_12_Epic_Events\app\.env
15-06-2024 11:22:33 - app.utils.logger_config - INFO - Variables d'environnement chargées depuis C:\Users\gbric\Nouveau dossier (9)\Projet_12_Epic_Events\app\.env
15-06-2024 11:22:33 - app.utils.logger_config - INFO - Variables d'environnement chargées depuis C:\Users\gbric\Nouveau dossier (9)\Projet_12_Epic_Events\app\.env
15-06-2024 11:22:33 - app.utils.logger_config - INFO - Database connection successful
15-06-2024 11:22:33 - app.utils.logger_config - INFO - Database connection successful
15-06-2024 11:22:33 - app.utils.logger_config - INFO - Database connection successful
15-06-2024 11:22:34 - app.utils.logger_config - INFO - Variables d'environnement chargées depuis C:\Users\gbric\Nouveau dossier (9)\Projet_12_Epic_Events\app\.env
15-06-2024 11:22:34 - app.utils.logger_config - INFO - Variables d'environnement chargées depuis C:\Users\gbric\Nouveau dossier (9)\Projet_12_Epic_Events\app\.env
15-06-2024 11:22:34 - app.utils.logger_config - INFO - Variables d'environnement chargées depuis C:\Users\gbric\Nouveau dossier (9)\Projet_12_Epic_Events\app\.env
15-06-2024 11:22:34 - app.utils.logger_config - INFO - Variables d'environnement chargées depuis C:\Users\gbric\Nouveau dossier (9)\Projet_12_Epic_Events\app\.env
15-06-2024 11:22:34 - app.utils.logger_config - INFO - Database connection successful
15-06-2024 11:22:34 - app.utils.logger_config - INFO - Database connection successful
15-06-2024 11:22:34 - app.utils.logger_config - INFO - Database connection successful
15-06-2024 11:22:34 - app.utils.logger_config - INFO - Database connection successful
15-06-2024 11:23:11 - app.utils.logger_config - INFO - Run App
15-06-2024 11:23:11 - app.utils.logger_config - INFO - Run App
15-06-2024 11:23:11 - app.utils.logger_config - INFO - Run App
15-06-2024 11:23:11 - app.utils.logger_config - INFO - Run App
15-06-2024 11:23:11 - app.utils.logger_config - INFO - Run App
15-06-2024 11:23:11 - app.utils.logger_config - INFO - Run App
15-06-2024 11:23:11 - app.utils.logger_config - INFO - Run App
15-06-2024 11:23:11 - app.utils.logger_config - INFO - Run App
15-06-2024 11:23:11 - app.utils.logger_config - INFO - Close App
15-06-2024 11:23:11 - app.utils.logger_config - INFO - Close App
15-06-2024 11:23:11 - app.utils.logger_config - INFO - Close App
15-06-2024 11:23:11 - app.utils.logger_config - INFO - Close App
15-06-2024 11:23:11 - app.utils.logger_config - INFO - Close App
15-06-2024 11:23:11 - app.utils.logger_config - INFO - Close App
15-06-2024 11:23:11 - app.utils.logger_config - INFO - Close App
15-06-2024 11:23:11 - app.utils.logger_config - INFO - Close App
15-06-2024 11:23:11 - app.utils.logger_config - INFO - Connexion: <Mock name='mock.Email' id='2145204389072'>
15-06-2024 11:23:11 - app.utils.logger_config - INFO - Connexion: <Mock name='mock.Email' id='2145204389072'>
15-06-2024 11:23:11 - app.utils.logger_config - INFO - Connexion: <Mock name='mock.Email' id='2145204389072'>
15-06-2024 11:23:11 - app.utils.logger_config - INFO - Connexion: <Mock name='mock.Email' id='2145204389072'>
15-06-2024 11:23:11 - app.utils.logger_config - INFO - Connexion: <Mock name='mock.Email' id='2145204389072'>
15-06-2024 11:23:11 - app.utils.logger_config - INFO - Connexion: <Mock name='mock.Email' id='2145204389072'>
15-06-2024 11:23:11 - app.utils.logger_config - INFO - Connexion: <Mock name='mock.Email' id='2145204389072'>
15-06-2024 11:23:11 - app.utils.logger_config - INFO - Connexion: <Mock name='mock.Email' id='2145204389072'>
15-06-2024 11:23:11 - app.utils.logger_config - INFO - Connexion: <Mock name='mock.Email' id='2145204389072'>
15-06-2024 11:23:55 - app.utils.logger_config - INFO - Variables d'environnement chargées depuis C:\Users\gbric\Nouveau dossier (9)\Projet_12_Epic_Events\app\.env
15-06-2024 11:23:55 - app.utils.logger_config - INFO - Database connection successful
15-06-2024 11:23:55 - app.utils.logger_config - INFO - Variables d'environnement chargées depuis C:\Users\gbric\Nouveau dossier (9)\Projet_12_Epic_Events\app\.env
15-06-2024 11:23:55 - app.utils.logger_config - INFO - Variables d'environnement chargées depuis C:\Users\gbric\Nouveau dossier (9)\Projet_12_Epic_Events\app\.env
15-06-2024 11:23:55 - app.utils.logger_config - INFO - Database connection successful
15-06-2024 11:23:55 - app.utils.logger_config - INFO - Database connection successful
15-06-2024 11:23:56 - app.utils.logger_config - INFO - Variables d'environnement chargées depuis C:\Users\gbric\Nouveau dossier (9)\Projet_12_Epic_Events\app\.env
15-06-2024 11:23:56 - app.utils.logger_config - INFO - Variables d'environnement chargées depuis C:\Users\gbric\Nouveau dossier (9)\Projet_12_Epic_Events\app\.env
15-06-2024 11:23:56 - app.utils.logger_config - INFO - Variables d'environnement chargées depuis C:\Users\gbric\Nouveau dossier (9)\Projet_12_Epic_Events\app\.env
15-06-2024 11:23:56 - app.utils.logger_config - INFO - Database connection successful
15-06-2024 11:23:56 - app.utils.logger_config - INFO - Database connection successful
15-06-2024 11:23:56 - app.utils.logger_config - INFO - Database connection successful
15-06-2024 11:23:56 - app.utils.logger_config - INFO - Variables d'environnement chargées depuis C:\Users\gbric\Nouveau dossier (9)\Projet_12_Epic_Events\app\.env
15-06-2024 11:23:56 - app.utils.logger_config - INFO - Variables d'environnement chargées depuis C:\Users\gbric\Nouveau dossier (9)\Projet_12_Epic_Events\app\.env
15-06-2024 11:23:56 - app.utils.logger_config - INFO - Variables d'environnement chargées depuis C:\Users\gbric\Nouveau dossier (9)\Projet_12_Epic_Events\app\.env
15-06-2024 11:23:56 - app.utils.logger_config - INFO - Variables d'environnement chargées depuis C:\Users\gbric\Nouveau dossier (9)\Projet_12_Epic_Events\app\.env
15-06-2024 11:23:56 - app.utils.logger_config - INFO - Database connection successful
15-06-2024 11:23:56 - app.utils.logger_config - INFO - Database connection successful
15-06-2024 11:23:56 - app.utils.logger_config - INFO - Database connection successful
15-06-2024 11:23:56 - app.utils.logger_config - INFO - Database connection successful
15-06-2024 11:24:36 - app.utils.logger_config - INFO - Run App
15-06-2024 11:24:36 - app.utils.logger_config - INFO - Run App
15-06-2024 11:24:36 - app.utils.logger_config - INFO - Run App
15-06-2024 11:24:36 - app.utils.logger_config - INFO - Run App
15-06-2024 11:24:36 - app.utils.logger_config - INFO - Run App
15-06-2024 11:24:36 - app.utils.logger_config - INFO - Run App
15-06-2024 11:24:36 - app.utils.logger_config - INFO - Run App
15-06-2024 11:24:36 - app.utils.logger_config - INFO - Run App
15-06-2024 11:24:36 - app.utils.logger_config - INFO - Close App
15-06-2024 11:24:36 - app.utils.logger_config - INFO - Close App
15-06-2024 11:24:36 - app.utils.logger_config - INFO - Close App
15-06-2024 11:24:36 - app.utils.logger_config - INFO - Close App
15-06-2024 11:24:36 - app.utils.logger_config - INFO - Close App
15-06-2024 11:24:36 - app.utils.logger_config - INFO - Close App
15-06-2024 11:24:36 - app.utils.logger_config - INFO - Close App
15-06-2024 11:24:36 - app.utils.logger_config - INFO - Close App
15-06-2024 11:24:37 - app.utils.logger_config - INFO - Connexion: <Mock name='mock.Email' id='1412534306768'>
15-06-2024 11:24:37 - app.utils.logger_config - INFO - Connexion: <Mock name='mock.Email' id='1412534306768'>
15-06-2024 11:24:37 - app.utils.logger_config - INFO - Connexion: <Mock name='mock.Email' id='1412534306768'>
15-06-2024 11:24:37 - app.utils.logger_config - INFO - Connexion: <Mock name='mock.Email' id='1412534306768'>
15-06-2024 11:24:37 - app.utils.logger_config - INFO - Connexion: <Mock name='mock.Email' id='1412534306768'>
15-06-2024 11:24:37 - app.utils.logger_config - INFO - Connexion: <Mock name='mock.Email' id='1412534306768'>
15-06-2024 11:24:37 - app.utils.logger_config - INFO - Connexion: <Mock name='mock.Email' id='1412534306768'>
15-06-2024 11:24:37 - app.utils.logger_config - INFO - Connexion: <Mock name='mock.Email' id='1412534306768'>
15-06-2024 11:24:37 - app.utils.logger_config - INFO - Connexion: <Mock name='mock.Email' id='1412534306768'>
15-06-2024 11:25:57 - app.utils.logger_config - INFO - Variables d'environnement chargées depuis C:\Users\gbric\Nouveau dossier (9)\Projet_12_Epic_Events\app\.env
15-06-2024 11:25:57 - app.utils.logger_config - INFO - Database connection successful
15-06-2024 11:25:58 - app.utils.logger_config - INFO - Variables d'environnement chargées depuis C:\Users\gbric\Nouveau dossier (9)\Projet_12_Epic_Events\app\.env
15-06-2024 11:25:58 - app.utils.logger_config - INFO - Variables d'environnement chargées depuis C:\Users\gbric\Nouveau dossier (9)\Projet_12_Epic_Events\app\.env
15-06-2024 11:25:58 - app.utils.logger_config - INFO - Database connection successful
15-06-2024 11:25:58 - app.utils.logger_config - INFO - Database connection successful
15-06-2024 11:25:58 - app.utils.logger_config - INFO - Variables d'environnement chargées depuis C:\Users\gbric\Nouveau dossier (9)\Projet_12_Epic_Events\app\.env
15-06-2024 11:25:58 - app.utils.logger_config - INFO - Variables d'environnement chargées depuis C:\Users\gbric\Nouveau dossier (9)\Projet_12_Epic_Events\app\.env
15-06-2024 11:25:58 - app.utils.logger_config - INFO - Variables d'environnement chargées depuis C:\Users\gbric\Nouveau dossier (9)\Projet_12_Epic_Events\app\.env
15-06-2024 11:25:58 - app.utils.logger_config - INFO - Database connection successful
15-06-2024 11:25:58 - app.utils.logger_config - INFO - Database connection successful
15-06-2024 11:25:58 - app.utils.logger_config - INFO - Database connection successful
15-06-2024 11:25:58 - app.utils.logger_config - INFO - Variables d'environnement chargées depuis C:\Users\gbric\Nouveau dossier (9)\Projet_12_Epic_Events\app\.env
15-06-2024 11:25:58 - app.utils.logger_config - INFO - Variables d'environnement chargées depuis C:\Users\gbric\Nouveau dossier (9)\Projet_12_Epic_Events\app\.env
15-06-2024 11:25:58 - app.utils.logger_config - INFO - Variables d'environnement chargées depuis C:\Users\gbric\Nouveau dossier (9)\Projet_12_Epic_Events\app\.env
15-06-2024 11:25:58 - app.utils.logger_config - INFO - Variables d'environnement chargées depuis C:\Users\gbric\Nouveau dossier (9)\Projet_12_Epic_Events\app\.env
15-06-2024 11:25:58 - app.utils.logger_config - INFO - Database connection successful
15-06-2024 11:25:58 - app.utils.logger_config - INFO - Database connection successful
15-06-2024 11:25:58 - app.utils.logger_config - INFO - Database connection successful
15-06-2024 11:25:58 - app.utils.logger_config - INFO - Database connection successful
15-06-2024 11:26:35 - app.utils.logger_config - INFO - Run App
15-06-2024 11:26:35 - app.utils.logger_config - INFO - Run App
15-06-2024 11:26:35 - app.utils.logger_config - INFO - Run App
15-06-2024 11:26:35 - app.utils.logger_config - INFO - Run App
15-06-2024 11:26:35 - app.utils.logger_config - INFO - Run App
15-06-2024 11:26:35 - app.utils.logger_config - INFO - Run App
15-06-2024 11:26:35 - app.utils.logger_config - INFO - Run App
15-06-2024 11:26:35 - app.utils.logger_config - INFO - Run App
15-06-2024 11:26:35 - app.utils.logger_config - INFO - Close App
15-06-2024 11:26:35 - app.utils.logger_config - INFO - Close App
15-06-2024 11:26:35 - app.utils.logger_config - INFO - Close App
15-06-2024 11:26:35 - app.utils.logger_config - INFO - Close App
15-06-2024 11:26:35 - app.utils.logger_config - INFO - Close App
15-06-2024 11:26:35 - app.utils.logger_config - INFO - Close App
15-06-2024 11:26:35 - app.utils.logger_config - INFO - Close App
15-06-2024 11:26:35 - app.utils.logger_config - INFO - Close App
15-06-2024 11:26:35 - app.utils.logger_config - INFO - Connexion: <Mock name='mock.Email' id='2582903261520'>
15-06-2024 11:26:35 - app.utils.logger_config - INFO - Connexion: <Mock name='mock.Email' id='2582903261520'>
15-06-2024 11:26:35 - app.utils.logger_config - INFO - Connexion: <Mock name='mock.Email' id='2582903261520'>
15-06-2024 11:26:35 - app.utils.logger_config - INFO - Connexion: <Mock name='mock.Email' id='2582903261520'>
15-06-2024 11:26:35 - app.utils.logger_config - INFO - Connexion: <Mock name='mock.Email' id='2582903261520'>
15-06-2024 11:26:35 - app.utils.logger_config - INFO - Connexion: <Mock name='mock.Email' id='2582903261520'>
15-06-2024 11:26:35 - app.utils.logger_config - INFO - Connexion: <Mock name='mock.Email' id='2582903261520'>
15-06-2024 11:26:35 - app.utils.logger_config - INFO - Connexion: <Mock name='mock.Email' id='2582903261520'>
15-06-2024 11:26:35 - app.utils.logger_config - INFO - Connexion: <Mock name='mock.Email' id='2582903261520'>
15-06-2024 11:28:55 - app.utils.logger_config - INFO - Variables d'environnement chargées depuis C:\Users\gbric\Nouveau dossier (9)\Projet_12_Epic_Events\app\.env
15-06-2024 11:28:55 - app.utils.logger_config - INFO - Database connection successful
15-06-2024 11:28:56 - app.utils.logger_config - INFO - Variables d'environnement chargées depuis C:\Users\gbric\Nouveau dossier (9)\Projet_12_Epic_Events\app\.env
15-06-2024 11:28:56 - app.utils.logger_config - INFO - Variables d'environnement chargées depuis C:\Users\gbric\Nouveau dossier (9)\Projet_12_Epic_Events\app\.env
15-06-2024 11:28:56 - app.utils.logger_config - INFO - Database connection successful
15-06-2024 11:28:56 - app.utils.logger_config - INFO - Database connection successful
15-06-2024 11:28:56 - app.utils.logger_config - INFO - Variables d'environnement chargées depuis C:\Users\gbric\Nouveau dossier (9)\Projet_12_Epic_Events\app\.env
15-06-2024 11:28:56 - app.utils.logger_config - INFO - Variables d'environnement chargées depuis C:\Users\gbric\Nouveau dossier (9)\Projet_12_Epic_Events\app\.env
15-06-2024 11:28:56 - app.utils.logger_config - INFO - Variables d'environnement chargées depuis C:\Users\gbric\Nouveau dossier (9)\Projet_12_Epic_Events\app\.env
15-06-2024 11:28:56 - app.utils.logger_config - INFO - Database connection successful
15-06-2024 11:28:56 - app.utils.logger_config - INFO - Database connection successful
15-06-2024 11:28:56 - app.utils.logger_config - INFO - Database connection successful
15-06-2024 11:28:56 - app.utils.logger_config - INFO - Variables d'environnement chargées depuis C:\Users\gbric\Nouveau dossier (9)\Projet_12_Epic_Events\app\.env
15-06-2024 11:28:56 - app.utils.logger_config - INFO - Variables d'environnement chargées depuis C:\Users\gbric\Nouveau dossier (9)\Projet_12_Epic_Events\app\.env
15-06-2024 11:28:56 - app.utils.logger_config - INFO - Variables d'environnement chargées depuis C:\Users\gbric\Nouveau dossier (9)\Projet_12_Epic_Events\app\.env
15-06-2024 11:28:56 - app.utils.logger_config - INFO - Variables d'environnement chargées depuis C:\Users\gbric\Nouveau dossier (9)\Projet_12_Epic_Events\app\.env
15-06-2024 11:28:56 - app.utils.logger_config - INFO - Database connection successful
15-06-2024 11:28:56 - app.utils.logger_config - INFO - Database connection successful
15-06-2024 11:28:56 - app.utils.logger_config - INFO - Database connection successful
15-06-2024 11:28:56 - app.utils.logger_config - INFO - Database connection successful
15-06-2024 11:29:35 - app.utils.logger_config - INFO - Run App
15-06-2024 11:29:35 - app.utils.logger_config - INFO - Run App
15-06-2024 11:29:35 - app.utils.logger_config - INFO - Run App
15-06-2024 11:29:35 - app.utils.logger_config - INFO - Run App
15-06-2024 11:29:35 - app.utils.logger_config - INFO - Run App
15-06-2024 11:29:35 - app.utils.logger_config - INFO - Run App
15-06-2024 11:29:35 - app.utils.logger_config - INFO - Run App
15-06-2024 11:29:35 - app.utils.logger_config - INFO - Run App
15-06-2024 11:29:35 - app.utils.logger_config - INFO - Close App
15-06-2024 11:29:35 - app.utils.logger_config - INFO - Close App
15-06-2024 11:29:35 - app.utils.logger_config - INFO - Close App
15-06-2024 11:29:35 - app.utils.logger_config - INFO - Close App
15-06-2024 11:29:35 - app.utils.logger_config - INFO - Close App
15-06-2024 11:29:35 - app.utils.logger_config - INFO - Close App
15-06-2024 11:29:35 - app.utils.logger_config - INFO - Close App
15-06-2024 11:29:35 - app.utils.logger_config - INFO - Close App
15-06-2024 11:29:36 - app.utils.logger_config - INFO - Connexion: <Mock name='mock.Email' id='2139930739856'>
15-06-2024 11:29:36 - app.utils.logger_config - INFO - Connexion: <Mock name='mock.Email' id='2139930739856'>
15-06-2024 11:29:36 - app.utils.logger_config - INFO - Connexion: <Mock name='mock.Email' id='2139930739856'>
15-06-2024 11:29:36 - app.utils.logger_config - INFO - Connexion: <Mock name='mock.Email' id='2139930739856'>
15-06-2024 11:29:36 - app.utils.logger_config - INFO - Connexion: <Mock name='mock.Email' id='2139930739856'>
15-06-2024 11:29:36 - app.utils.logger_config - INFO - Connexion: <Mock name='mock.Email' id='2139930739856'>
15-06-2024 11:29:36 - app.utils.logger_config - INFO - Connexion: <Mock name='mock.Email' id='2139930739856'>
15-06-2024 11:29:36 - app.utils.logger_config - INFO - Connexion: <Mock name='mock.Email' id='2139930739856'>
15-06-2024 11:29:36 - app.utils.logger_config - INFO - Connexion: <Mock name='mock.Email' id='2139930739856'>
15-06-2024 11:36:11 - app.utils.logger_config - INFO - Variables d'environnement chargées depuis C:\Users\gbric\Nouveau dossier (9)\Projet_12_Epic_Events\app\.env
15-06-2024 11:36:11 - app.utils.logger_config - INFO - Database connection successful
15-06-2024 11:36:11 - app.utils.logger_config - INFO - Dropping all tables...
15-06-2024 11:36:11 - app.utils.logger_config - INFO - All tables dropped successfully.
15-06-2024 11:36:11 - app.utils.logger_config - INFO - Creating all tables...
15-06-2024 11:36:11 - app.utils.logger_config - INFO - All tables created successfully.
15-06-2024 11:36:11 - app.utils.logger_config - INFO - Roles have been successfully created!
15-06-2024 11:36:13 - app.utils.logger_config - INFO - Users have been successfully created!
15-06-2024 11:36:13 - app.utils.logger_config - INFO - Customers have been successfully created!
15-06-2024 11:36:13 - app.utils.logger_config - INFO - Contracts have been successfully created!
15-06-2024 11:36:47 - app.utils.logger_config - INFO - Variables d'environnement chargées depuis C:\Users\gbric\Nouveau dossier (9)\Projet_12_Epic_Events\app\.env
15-06-2024 11:36:49 - app.utils.logger_config - INFO - Database connection successful
15-06-2024 11:36:49 - app.utils.logger_config - INFO - Dropping all tables...
15-06-2024 11:36:49 - app.utils.logger_config - INFO - All tables dropped successfully.
15-06-2024 11:36:49 - app.utils.logger_config - INFO - Creating all tables...
15-06-2024 11:36:50 - app.utils.logger_config - INFO - All tables created successfully.
15-06-2024 11:36:50 - app.utils.logger_config - INFO - Roles have been successfully created!
15-06-2024 11:36:51 - app.utils.logger_config - INFO - Users have been successfully created!
15-06-2024 11:36:51 - app.utils.logger_config - INFO - Customers have been successfully created!
15-06-2024 11:36:51 - app.utils.logger_config - INFO - Contracts have been successfully created!
15-06-2024 13:07:12 - app.utils.logger_config - INFO - Variables d'environnement chargées depuis C:\Users\gbric\Nouveau dossier (9)\Projet_12_Epic_Events\app\.env
15-06-2024 13:07:13 - app.utils.logger_config - INFO - Database connection successful
15-06-2024 13:07:13 - app.utils.logger_config - INFO - Run App
15-06-2024 13:07:26 - app.utils.logger_config - WARNING - Nom d'utilisateur ou mot de passe incorrect
15-06-2024 13:07:42 - app.utils.logger_config - INFO - Connexion: gestion_1@email.com
15-06-2024 13:08:47 - app.utils.logger_config - INFO - Déconnexion: gestion_1@email.com
15-06-2024 13:08:48 - app.utils.logger_config - INFO - Close App
15-06-2024 13:19:06 - app.utils.logger_config - INFO - Variables d'environnement chargées depuis C:\Users\gbric\Nouveau dossier (9)\Projet_12_Epic_Events\app\.env
15-06-2024 13:19:08 - app.utils.logger_config - INFO - Database connection successful
15-06-2024 13:19:08 - app.utils.logger_config - INFO - Run App
15-06-2024 13:19:22 - app.utils.logger_config - INFO - Connexion: gestion_1@email.com
15-06-2024 13:21:40 - app.utils.logger_config - INFO - Déconnexion: gestion_1@email.com
15-06-2024 13:21:48 - app.utils.logger_config - WARNING - Nom d'utilisateur ou mot de passe incorrect
15-06-2024 13:23:17 - app.utils.logger_config - INFO - Close App
